<?xml version="1.0" encoding="UTF-8"?>
<testsuite xmlns:xsi="http://www.w3.org/2001/XMLSchema-instance" xsi:noNamespaceSchemaLocation="https://maven.apache.org/surefire/maven-surefire-plugin/xsd/surefire-test-report.xsd" name="tic.tac.toe.TicTacToeGameTest" time="2.12" tests="7" errors="0" skipped="2" failures="0">
  <properties>
[...]
</properties>
  <testcase name="testTicTacToeGameParametersValidation" classname="tic.tac.toe.TicTacToeGameTest" time="1.451"/>
  <testcase name="testTicTacToeGame" classname="tic.tac.toe.TicTacToeGameTest" time="0">
    <skipped message="This test is ignored because mock and power mock issues on spyed game.playgame method"/>
  </testcase>
  <testcase name="testGetPlayedPositionCounter" classname="tic.tac.toe.TicTacToeGameTest" time="0.001"/>
  <testcase name="testIsGameCompleted" classname="tic.tac.toe.TicTacToeGameTest" time="0">
    <skipped/>
  </testcase>
  <testcase name="testPrintBoard" classname="tic.tac.toe.TicTacToeGameTest" time="0.002"/>
  <testcase name="testPlayTheGame" classname="tic.tac.toe.TicTacToeGameTest" time="0.002"/>
  <testcase name="testGetGameField" classname="tic.tac.toe.TicTacToeGameTest" time="0.008"/>
</testsuite>